{"/Users/aagvozdev/projects/sinshell/backend/src/app.ts": {"path":"/Users/aagvozdev/projects/sinshell/backend/src/app.ts","statementMap":{"0":{"start":{"line":15,"column":0},"end":{"line":15,"column":16}},"1":{"start":{"line":109,"column":0},"end":{"line":109,"column":16}},"2":{"start":{"line":1,"column":0},"end":{"line":1,"column":80}},"3":{"start":{"line":2,"column":0},"end":{"line":2,"column":24}},"4":{"start":{"line":3,"column":0},"end":{"line":3,"column":28}},"5":{"start":{"line":4,"column":0},"end":{"line":4,"column":28}},"6":{"start":{"line":5,"column":0},"end":{"line":5,"column":38}},"7":{"start":{"line":7,"column":0},"end":{"line":7,"column":50}},"8":{"start":{"line":8,"column":0},"end":{"line":8,"column":74}},"9":{"start":{"line":9,"column":0},"end":{"line":9,"column":98}},"10":{"start":{"line":10,"column":0},"end":{"line":10,"column":30}},"11":{"start":{"line":17,"column":2},"end":{"line":17,"column":19}},"12":{"start":{"line":20,"column":27},"end":{"line":20,"column":36}},"13":{"start":{"line":23,"column":2},"end":{"line":23,"column":28}},"14":{"start":{"line":26,"column":2},"end":{"line":36,"column":6}},"15":{"start":{"line":39,"column":2},"end":{"line":45,"column":6}},"16":{"start":{"line":48,"column":2},"end":{"line":48,"column":25}},"17":{"start":{"line":51,"column":2},"end":{"line":51,"column":43}},"18":{"start":{"line":52,"column":2},"end":{"line":52,"column":65}},"19":{"start":{"line":55,"column":2},"end":{"line":55,"column":31}},"20":{"start":{"line":58,"column":2},"end":{"line":62,"column":3}},"21":{"start":{"line":59,"column":4},"end":{"line":59,"column":27}},"22":{"start":{"line":61,"column":4},"end":{"line":61,"column":24}},"23":{"start":{"line":65,"column":2},"end":{"line":65,"column":25}},"24":{"start":{"line":68,"column":2},"end":{"line":74,"column":5}},"25":{"start":{"line":69,"column":4},"end":{"line":73,"column":7}},"26":{"start":{"line":77,"column":2},"end":{"line":77,"column":37}},"27":{"start":{"line":80,"column":2},"end":{"line":92,"column":5}},"28":{"start":{"line":81,"column":4},"end":{"line":91,"column":7}},"29":{"start":{"line":95,"column":2},"end":{"line":95,"column":27}},"30":{"start":{"line":98,"column":2},"end":{"line":98,"column":23}},"31":{"start":{"line":101,"column":2},"end":{"line":101,"column":24}},"32":{"start":{"line":103,"column":2},"end":{"line":103,"column":13}},"33":{"start":{"line":112,"column":2},"end":{"line":112,"column":81}},"34":{"start":{"line":115,"column":0},"end":{"line":115,"column":25}}},"fnMap":{"0":{"name":"createApp","decl":{"start":{"line":15,"column":16},"end":{"line":15,"column":25}},"loc":{"start":{"line":15,"column":25},"end":{"line":104,"column":1}}},"1":{"name":"(anonymous_11)","decl":{"start":{"line":68,"column":21},"end":{"line":68,"column":22}},"loc":{"start":{"line":68,"column":53},"end":{"line":74,"column":3}}},"2":{"name":"(anonymous_12)","decl":{"start":{"line":80,"column":15},"end":{"line":80,"column":16}},"loc":{"start":{"line":80,"column":47},"end":{"line":92,"column":3}}},"3":{"name":"setupGracefulShutdown","decl":{"start":{"line":109,"column":16},"end":{"line":109,"column":37}},"loc":{"start":{"line":109,"column":54},"end":{"line":113,"column":1}}}},"branchMap":{"0":{"loc":{"start":{"line":58,"column":2},"end":{"line":62,"column":3}},"type":"if","locations":[{"start":{"line":58,"column":2},"end":{"line":62,"column":3}},{"start":{"line":60,"column":9},"end":{"line":62,"column":3}}]}},"s":{"0":5,"1":5,"2":5,"3":5,"4":5,"5":5,"6":5,"7":5,"8":5,"9":5,"10":5,"11":5,"12":5,"13":5,"14":5,"15":5,"16":5,"17":5,"18":5,"19":5,"20":5,"21":0,"22":5,"23":5,"24":5,"25":3,"26":5,"27":5,"28":0,"29":5,"30":5,"31":5,"32":5,"33":0,"34":5},"f":{"0":5,"1":3,"2":0,"3":0},"b":{"0":[0,5]}}
,"/Users/aagvozdev/projects/sinshell/backend/src/config/index.ts": {"path":"/Users/aagvozdev/projects/sinshell/backend/src/config/index.ts","statementMap":{"0":{"start":{"line":57,"column":0},"end":{"line":57,"column":16}},"1":{"start":{"line":85,"column":0},"end":{"line":85,"column":16}},"2":{"start":{"line":1,"column":0},"end":{"line":1,"column":28}},"3":{"start":{"line":4,"column":0},"end":{"line":4,"column":16}},"4":{"start":{"line":9,"column":13},"end":{"line":52,"column":2}},"5":{"start":{"line":58,"column":23},"end":{"line":58,"column":31}},"6":{"start":{"line":60,"column":2},"end":{"line":64,"column":3}},"7":{"start":{"line":61,"column":4},"end":{"line":63,"column":5}},"8":{"start":{"line":62,"column":6},"end":{"line":62,"column":77}},"9":{"start":{"line":67,"column":2},"end":{"line":69,"column":3}},"10":{"start":{"line":68,"column":4},"end":{"line":68,"column":71}},"11":{"start":{"line":72,"column":2},"end":{"line":79,"column":3}},"12":{"start":{"line":73,"column":4},"end":{"line":78,"column":7}},"13":{"start":{"line":86,"column":2},"end":{"line":86,"column":54}},"14":{"start":{"line":89,"column":0},"end":{"line":89,"column":22}}},"fnMap":{"0":{"name":"validateConfig","decl":{"start":{"line":57,"column":16},"end":{"line":57,"column":30}},"loc":{"start":{"line":57,"column":30},"end":{"line":80,"column":1}}},"1":{"name":"getApiUrl","decl":{"start":{"line":85,"column":16},"end":{"line":85,"column":25}},"loc":{"start":{"line":85,"column":25},"end":{"line":87,"column":1}}}},"branchMap":{"0":{"loc":{"start":{"line":11,"column":17},"end":{"line":11,"column":43}},"type":"binary-expr","locations":[{"start":{"line":11,"column":17},"end":{"line":11,"column":33}},{"start":{"line":11,"column":37},"end":{"line":11,"column":43}}]},"1":{"loc":{"start":{"line":12,"column":7},"end":{"line":12,"column":44}},"type":"binary-expr","locations":[{"start":{"line":12,"column":7},"end":{"line":12,"column":27}},{"start":{"line":12,"column":31},"end":{"line":12,"column":44}}]},"2":{"loc":{"start":{"line":16,"column":12},"end":{"line":16,"column":62}},"type":"binary-expr","locations":[{"start":{"line":16,"column":12},"end":{"line":16,"column":35}},{"start":{"line":16,"column":39},"end":{"line":16,"column":62}}]},"3":{"loc":{"start":{"line":21,"column":10},"end":{"line":21,"column":50}},"type":"binary-expr","locations":[{"start":{"line":21,"column":10},"end":{"line":21,"column":29}},{"start":{"line":21,"column":33},"end":{"line":21,"column":50}}]},"4":{"loc":{"start":{"line":24,"column":12},"end":{"line":24,"column":43}},"type":"binary-expr","locations":[{"start":{"line":24,"column":12},"end":{"line":24,"column":33}},{"start":{"line":24,"column":37},"end":{"line":24,"column":43}}]},"5":{"loc":{"start":{"line":28,"column":23},"end":{"line":28,"column":67}},"type":"binary-expr","locations":[{"start":{"line":28,"column":23},"end":{"line":28,"column":55}},{"start":{"line":28,"column":59},"end":{"line":28,"column":67}}]},"6":{"loc":{"start":{"line":29,"column":26},"end":{"line":29,"column":70}},"type":"binary-expr","locations":[{"start":{"line":29,"column":26},"end":{"line":29,"column":61}},{"start":{"line":29,"column":65},"end":{"line":29,"column":70}}]},"7":{"loc":{"start":{"line":45,"column":18},"end":{"line":45,"column":52}},"type":"binary-expr","locations":[{"start":{"line":45,"column":18},"end":{"line":45,"column":44}},{"start":{"line":45,"column":48},"end":{"line":45,"column":52}}]},"8":{"loc":{"start":{"line":61,"column":4},"end":{"line":63,"column":5}},"type":"if","locations":[{"start":{"line":61,"column":4},"end":{"line":63,"column":5}}]},"9":{"loc":{"start":{"line":67,"column":2},"end":{"line":69,"column":3}},"type":"if","locations":[{"start":{"line":67,"column":2},"end":{"line":69,"column":3}}]},"10":{"loc":{"start":{"line":67,"column":6},"end":{"line":67,"column":66}},"type":"binary-expr","locations":[{"start":{"line":67,"column":6},"end":{"line":67,"column":24}},{"start":{"line":67,"column":28},"end":{"line":67,"column":43}},{"start":{"line":67,"column":47},"end":{"line":67,"column":66}}]},"11":{"loc":{"start":{"line":72,"column":2},"end":{"line":79,"column":3}},"type":"if","locations":[{"start":{"line":72,"column":2},"end":{"line":79,"column":3}}]}},"s":{"0":5,"1":5,"2":5,"3":5,"4":5,"5":5,"6":5,"7":5,"8":0,"9":5,"10":0,"11":5,"12":0,"13":0,"14":5},"f":{"0":5,"1":0},"b":{"0":[5,0],"1":[5,0],"2":[5,0],"3":[5,0],"4":[5,0],"5":[5,0],"6":[5,0],"7":[5,5],"8":[0],"9":[0],"10":[5,5,5],"11":[0]}}
,"/Users/aagvozdev/projects/sinshell/backend/src/controllers/aboutController.ts": {"path":"/Users/aagvozdev/projects/sinshell/backend/src/controllers/aboutController.ts","statementMap":{"0":{"start":{"line":3,"column":0},"end":{"line":3,"column":58}},"1":{"start":{"line":8,"column":13},"end":{"line":50,"column":3}},"2":{"start":{"line":9,"column":20},"end":{"line":9,"column":44}},"3":{"start":{"line":11,"column":31},"end":{"line":41,"column":4}},"4":{"start":{"line":43,"column":43},"end":{"line":47,"column":4}},"5":{"start":{"line":49,"column":2},"end":{"line":49,"column":33}},"6":{"start":{"line":55,"column":13},"end":{"line":132,"column":3}},"7":{"start":{"line":56,"column":20},"end":{"line":56,"column":44}},"8":{"start":{"line":58,"column":24},"end":{"line":123,"column":4}},"9":{"start":{"line":125,"column":32},"end":{"line":129,"column":4}},"10":{"start":{"line":131,"column":2},"end":{"line":131,"column":33}},"11":{"start":{"line":137,"column":13},"end":{"line":164,"column":3}},"12":{"start":{"line":138,"column":20},"end":{"line":138,"column":44}},"13":{"start":{"line":140,"column":22},"end":{"line":155,"column":4}},"14":{"start":{"line":157,"column":32},"end":{"line":161,"column":4}},"15":{"start":{"line":163,"column":2},"end":{"line":163,"column":33}}},"fnMap":{"0":{"name":"(anonymous_0)","decl":{"start":{"line":8,"column":37},"end":{"line":8,"column":42}},"loc":{"start":{"line":8,"column":90},"end":{"line":50,"column":1}}},"1":{"name":"(anonymous_1)","decl":{"start":{"line":55,"column":45},"end":{"line":55,"column":50}},"loc":{"start":{"line":55,"column":98},"end":{"line":132,"column":1}}},"2":{"name":"(anonymous_2)","decl":{"start":{"line":137,"column":39},"end":{"line":137,"column":44}},"loc":{"start":{"line":137,"column":92},"end":{"line":164,"column":1}}}},"branchMap":{"0":{"loc":{"start":{"line":15,"column":13},"end":{"line":15,"column":55}},"type":"binary-expr","locations":[{"start":{"line":15,"column":13},"end":{"line":15,"column":44}},{"start":{"line":15,"column":48},"end":{"line":15,"column":55}}]},"1":{"loc":{"start":{"line":62,"column":13},"end":{"line":62,"column":55}},"type":"binary-expr","locations":[{"start":{"line":62,"column":13},"end":{"line":62,"column":44}},{"start":{"line":62,"column":48},"end":{"line":62,"column":55}}]}},"s":{"0":5,"1":5,"2":11,"3":11,"4":11,"5":11,"6":5,"7":4,"8":4,"9":4,"10":4,"11":5,"12":3,"13":3,"14":3,"15":3},"f":{"0":11,"1":4,"2":3},"b":{"0":[11,0],"1":[4,0]}}
,"/Users/aagvozdev/projects/sinshell/backend/src/controllers/healthController.ts": {"path":"/Users/aagvozdev/projects/sinshell/backend/src/controllers/healthController.ts","statementMap":{"0":{"start":{"line":3,"column":0},"end":{"line":3,"column":58}},"1":{"start":{"line":9,"column":13},"end":{"line":27,"column":3}},"2":{"start":{"line":10,"column":17},"end":{"line":10,"column":33}},"3":{"start":{"line":11,"column":20},"end":{"line":11,"column":44}},"4":{"start":{"line":13,"column":37},"end":{"line":18,"column":4}},"5":{"start":{"line":20,"column":48},"end":{"line":24,"column":4}},"6":{"start":{"line":26,"column":2},"end":{"line":26,"column":33}},"7":{"start":{"line":33,"column":13},"end":{"line":65,"column":3}},"8":{"start":{"line":34,"column":17},"end":{"line":34,"column":33}},"9":{"start":{"line":35,"column":20},"end":{"line":35,"column":44}},"10":{"start":{"line":36,"column":22},"end":{"line":36,"column":43}},"11":{"start":{"line":38,"column":21},"end":{"line":56,"column":4}},"12":{"start":{"line":58,"column":32},"end":{"line":62,"column":4}},"13":{"start":{"line":64,"column":2},"end":{"line":64,"column":33}},"14":{"start":{"line":71,"column":13},"end":{"line":87,"column":3}},"15":{"start":{"line":75,"column":18},"end":{"line":75,"column":22}},"16":{"start":{"line":77,"column":32},"end":{"line":84,"column":4}},"17":{"start":{"line":86,"column":2},"end":{"line":86,"column":49}},"18":{"start":{"line":93,"column":13},"end":{"line":106,"column":3}},"19":{"start":{"line":94,"column":18},"end":{"line":94,"column":22}},"20":{"start":{"line":96,"column":32},"end":{"line":103,"column":4}},"21":{"start":{"line":105,"column":2},"end":{"line":105,"column":49}}},"fnMap":{"0":{"name":"(anonymous_0)","decl":{"start":{"line":9,"column":38},"end":{"line":9,"column":43}},"loc":{"start":{"line":9,"column":91},"end":{"line":27,"column":1}}},"1":{"name":"(anonymous_1)","decl":{"start":{"line":33,"column":46},"end":{"line":33,"column":51}},"loc":{"start":{"line":33,"column":99},"end":{"line":65,"column":1}}},"2":{"name":"(anonymous_2)","decl":{"start":{"line":71,"column":41},"end":{"line":71,"column":46}},"loc":{"start":{"line":71,"column":94},"end":{"line":87,"column":1}}},"3":{"name":"(anonymous_3)","decl":{"start":{"line":93,"column":40},"end":{"line":93,"column":45}},"loc":{"start":{"line":93,"column":93},"end":{"line":106,"column":1}}}},"branchMap":{"0":{"loc":{"start":{"line":17,"column":13},"end":{"line":17,"column":55}},"type":"binary-expr","locations":[{"start":{"line":17,"column":13},"end":{"line":17,"column":44}},{"start":{"line":17,"column":48},"end":{"line":17,"column":55}}]},"1":{"loc":{"start":{"line":42,"column":13},"end":{"line":42,"column":55}},"type":"binary-expr","locations":[{"start":{"line":42,"column":13},"end":{"line":42,"column":44}},{"start":{"line":42,"column":48},"end":{"line":42,"column":55}}]},"2":{"loc":{"start":{"line":43,"column":17},"end":{"line":43,"column":54}},"type":"binary-expr","locations":[{"start":{"line":43,"column":17},"end":{"line":43,"column":37}},{"start":{"line":43,"column":41},"end":{"line":43,"column":54}}]},"3":{"loc":{"start":{"line":86,"column":13},"end":{"line":86,"column":32}},"type":"cond-expr","locations":[{"start":{"line":86,"column":23},"end":{"line":86,"column":26}},{"start":{"line":86,"column":29},"end":{"line":86,"column":32}}]},"4":{"loc":{"start":{"line":105,"column":13},"end":{"line":105,"column":32}},"type":"cond-expr","locations":[{"start":{"line":105,"column":23},"end":{"line":105,"column":26}},{"start":{"line":105,"column":29},"end":{"line":105,"column":32}}]}},"s":{"0":5,"1":5,"2":17,"3":17,"4":17,"5":17,"6":17,"7":5,"8":2,"9":2,"10":2,"11":2,"12":2,"13":2,"14":5,"15":1,"16":1,"17":1,"18":5,"19":1,"20":1,"21":1},"f":{"0":17,"1":2,"2":1,"3":1},"b":{"0":[17,0],"1":[2,0],"2":[2,0],"3":[1,0],"4":[1,0]}}
,"/Users/aagvozdev/projects/sinshell/backend/src/controllers/infoController.ts": {"path":"/Users/aagvozdev/projects/sinshell/backend/src/controllers/infoController.ts","statementMap":{"0":{"start":{"line":3,"column":0},"end":{"line":3,"column":58}},"1":{"start":{"line":4,"column":0},"end":{"line":4,"column":31}},"2":{"start":{"line":9,"column":13},"end":{"line":29,"column":3}},"3":{"start":{"line":10,"column":17},"end":{"line":10,"column":33}},"4":{"start":{"line":11,"column":20},"end":{"line":11,"column":44}},"5":{"start":{"line":13,"column":33},"end":{"line":20,"column":4}},"6":{"start":{"line":22,"column":44},"end":{"line":26,"column":4}},"7":{"start":{"line":28,"column":2},"end":{"line":28,"column":33}},"8":{"start":{"line":34,"column":13},"end":{"line":59,"column":3}},"9":{"start":{"line":35,"column":20},"end":{"line":35,"column":44}},"10":{"start":{"line":37,"column":18},"end":{"line":50,"column":4}},"11":{"start":{"line":52,"column":32},"end":{"line":56,"column":4}},"12":{"start":{"line":58,"column":2},"end":{"line":58,"column":33}},"13":{"start":{"line":64,"column":13},"end":{"line":98,"column":3}},"14":{"start":{"line":65,"column":17},"end":{"line":65,"column":33}},"15":{"start":{"line":66,"column":22},"end":{"line":66,"column":43}},"16":{"start":{"line":67,"column":20},"end":{"line":67,"column":44}},"17":{"start":{"line":69,"column":23},"end":{"line":89,"column":4}},"18":{"start":{"line":91,"column":32},"end":{"line":95,"column":4}},"19":{"start":{"line":97,"column":2},"end":{"line":97,"column":33}},"20":{"start":{"line":104,"column":15},"end":{"line":104,"column":42}},"21":{"start":{"line":105,"column":16},"end":{"line":105,"column":52}},"22":{"start":{"line":106,"column":18},"end":{"line":106,"column":51}},"23":{"start":{"line":107,"column":15},"end":{"line":107,"column":39}},"24":{"start":{"line":109,"column":16},"end":{"line":109,"column":18}},"25":{"start":{"line":111,"column":2},"end":{"line":111,"column":39}},"26":{"start":{"line":111,"column":16},"end":{"line":111,"column":39}},"27":{"start":{"line":112,"column":2},"end":{"line":112,"column":41}},"28":{"start":{"line":112,"column":17},"end":{"line":112,"column":41}},"29":{"start":{"line":113,"column":2},"end":{"line":113,"column":45}},"30":{"start":{"line":113,"column":19},"end":{"line":113,"column":45}},"31":{"start":{"line":114,"column":2},"end":{"line":114,"column":61}},"32":{"start":{"line":114,"column":38},"end":{"line":114,"column":61}},"33":{"start":{"line":116,"column":2},"end":{"line":116,"column":25}}},"fnMap":{"0":{"name":"(anonymous_1)","decl":{"start":{"line":9,"column":42},"end":{"line":9,"column":47}},"loc":{"start":{"line":9,"column":95},"end":{"line":29,"column":1}}},"1":{"name":"(anonymous_2)","decl":{"start":{"line":34,"column":39},"end":{"line":34,"column":44}},"loc":{"start":{"line":34,"column":92},"end":{"line":59,"column":1}}},"2":{"name":"(anonymous_3)","decl":{"start":{"line":64,"column":44},"end":{"line":64,"column":49}},"loc":{"start":{"line":64,"column":97},"end":{"line":98,"column":1}}},"3":{"name":"formatUptime","decl":{"start":{"line":103,"column":9},"end":{"line":103,"column":21}},"loc":{"start":{"line":103,"column":37},"end":{"line":117,"column":1}}}},"branchMap":{"0":{"loc":{"start":{"line":15,"column":13},"end":{"line":15,"column":55}},"type":"binary-expr","locations":[{"start":{"line":15,"column":13},"end":{"line":15,"column":44}},{"start":{"line":15,"column":48},"end":{"line":15,"column":55}}]},"1":{"loc":{"start":{"line":39,"column":13},"end":{"line":39,"column":55}},"type":"binary-expr","locations":[{"start":{"line":39,"column":13},"end":{"line":39,"column":44}},{"start":{"line":39,"column":48},"end":{"line":39,"column":55}}]},"2":{"loc":{"start":{"line":111,"column":2},"end":{"line":111,"column":39}},"type":"if","locations":[{"start":{"line":111,"column":2},"end":{"line":111,"column":39}}]},"3":{"loc":{"start":{"line":112,"column":2},"end":{"line":112,"column":41}},"type":"if","locations":[{"start":{"line":112,"column":2},"end":{"line":112,"column":41}}]},"4":{"loc":{"start":{"line":113,"column":2},"end":{"line":113,"column":45}},"type":"if","locations":[{"start":{"line":113,"column":2},"end":{"line":113,"column":45}}]},"5":{"loc":{"start":{"line":114,"column":2},"end":{"line":114,"column":61}},"type":"if","locations":[{"start":{"line":114,"column":2},"end":{"line":114,"column":61}}]},"6":{"loc":{"start":{"line":114,"column":6},"end":{"line":114,"column":36}},"type":"binary-expr","locations":[{"start":{"line":114,"column":6},"end":{"line":114,"column":14}},{"start":{"line":114,"column":18},"end":{"line":114,"column":36}}]}},"s":{"0":5,"1":5,"2":5,"3":11,"4":11,"5":11,"6":11,"7":11,"8":5,"9":2,"10":2,"11":2,"12":2,"13":5,"14":2,"15":2,"16":2,"17":2,"18":2,"19":2,"20":2,"21":2,"22":2,"23":2,"24":2,"25":2,"26":0,"27":2,"28":0,"29":2,"30":0,"31":2,"32":2,"33":2},"f":{"0":11,"1":2,"2":2,"3":2},"b":{"0":[11,0],"1":[2,0],"2":[0],"3":[0],"4":[0],"5":[2],"6":[2,0]}}
,"/Users/aagvozdev/projects/sinshell/backend/src/middleware/errorHandler.ts": {"path":"/Users/aagvozdev/projects/sinshell/backend/src/middleware/errorHandler.ts","statementMap":{"0":{"start":{"line":32,"column":0},"end":{"line":32,"column":16}},"1":{"start":{"line":39,"column":0},"end":{"line":39,"column":16}},"2":{"start":{"line":46,"column":0},"end":{"line":46,"column":16}},"3":{"start":{"line":53,"column":0},"end":{"line":53,"column":16}},"4":{"start":{"line":60,"column":0},"end":{"line":60,"column":16}},"5":{"start":{"line":67,"column":0},"end":{"line":67,"column":16}},"6":{"start":{"line":74,"column":0},"end":{"line":74,"column":16}},"7":{"start":{"line":81,"column":0},"end":{"line":81,"column":16}},"8":{"start":{"line":88,"column":0},"end":{"line":88,"column":16}},"9":{"start":{"line":149,"column":0},"end":{"line":149,"column":16}},"10":{"start":{"line":162,"column":0},"end":{"line":162,"column":16}},"11":{"start":{"line":173,"column":0},"end":{"line":173,"column":16}},"12":{"start":{"line":18,"column":4},"end":{"line":18,"column":19}},"13":{"start":{"line":19,"column":4},"end":{"line":19,"column":30}},"14":{"start":{"line":20,"column":4},"end":{"line":20,"column":33}},"15":{"start":{"line":21,"column":4},"end":{"line":21,"column":21}},"16":{"start":{"line":22,"column":4},"end":{"line":22,"column":27}},"17":{"start":{"line":25,"column":4},"end":{"line":25,"column":52}},"18":{"start":{"line":7,"column":0},"end":{"line":7,"column":13}},"19":{"start":{"line":33,"column":2},"end":{"line":33,"column":63}},"20":{"start":{"line":40,"column":2},"end":{"line":40,"column":55}},"21":{"start":{"line":47,"column":2},"end":{"line":47,"column":52}},"22":{"start":{"line":54,"column":2},"end":{"line":54,"column":52}},"23":{"start":{"line":61,"column":2},"end":{"line":61,"column":60}},"24":{"start":{"line":68,"column":2},"end":{"line":68,"column":68}},"25":{"start":{"line":75,"column":2},"end":{"line":75,"column":62}},"26":{"start":{"line":82,"column":2},"end":{"line":82,"column":66}},"27":{"start":{"line":95,"column":2},"end":{"line":97,"column":3}},"28":{"start":{"line":96,"column":4},"end":{"line":96,"column":23}},"29":{"start":{"line":99,"column":24},"end":{"line":99,"column":52}},"30":{"start":{"line":100,"column":21},"end":{"line":100,"column":59}},"31":{"start":{"line":101,"column":15},"end":{"line":101,"column":60}},"32":{"start":{"line":102,"column":18},"end":{"line":102,"column":58}},"33":{"start":{"line":103,"column":18},"end":{"line":103,"column":59}},"34":{"start":{"line":106,"column":2},"end":{"line":122,"column":3}},"35":{"start":{"line":107,"column":4},"end":{"line":114,"column":7}},"36":{"start":{"line":116,"column":4},"end":{"line":121,"column":7}},"37":{"start":{"line":125,"column":32},"end":{"line":129,"column":4}},"38":{"start":{"line":132,"column":2},"end":{"line":141,"column":3}},"39":{"start":{"line":133,"column":4},"end":{"line":137,"column":6}},"40":{"start":{"line":138,"column":9},"end":{"line":141,"column":3}},"41":{"start":{"line":140,"column":4},"end":{"line":140,"column":31}},"42":{"start":{"line":143,"column":2},"end":{"line":143,"column":40}},"43":{"start":{"line":150,"column":32},"end":{"line":154,"column":4}},"44":{"start":{"line":156,"column":2},"end":{"line":156,"column":33}},"45":{"start":{"line":165,"column":2},"end":{"line":167,"column":4}},"46":{"start":{"line":166,"column":4},"end":{"line":166,"column":52}},"47":{"start":{"line":174,"column":2},"end":{"line":174,"column":38}}},"fnMap":{"0":{"name":"(anonymous_0)","decl":{"start":{"line":12,"column":2},"end":{"line":12,"column":null}},"loc":{"start":{"line":16,"column":17},"end":{"line":26,"column":3}}},"1":{"name":"BadRequestError","decl":{"start":{"line":32,"column":16},"end":{"line":32,"column":31}},"loc":{"start":{"line":32,"column":62},"end":{"line":34,"column":1}}},"2":{"name":"UnauthorizedError","decl":{"start":{"line":39,"column":16},"end":{"line":39,"column":33}},"loc":{"start":{"line":39,"column":66},"end":{"line":41,"column":1}}},"3":{"name":"ForbiddenError","decl":{"start":{"line":46,"column":16},"end":{"line":46,"column":30}},"loc":{"start":{"line":46,"column":60},"end":{"line":48,"column":1}}},"4":{"name":"NotFoundError","decl":{"start":{"line":53,"column":16},"end":{"line":53,"column":29}},"loc":{"start":{"line":53,"column":68},"end":{"line":55,"column":1}}},"5":{"name":"ConflictError","decl":{"start":{"line":60,"column":16},"end":{"line":60,"column":29}},"loc":{"start":{"line":60,"column":60},"end":{"line":62,"column":1}}},"6":{"name":"ValidationError","decl":{"start":{"line":67,"column":16},"end":{"line":67,"column":31}},"loc":{"start":{"line":67,"column":62},"end":{"line":69,"column":1}}},"7":{"name":"RateLimitError","decl":{"start":{"line":74,"column":16},"end":{"line":74,"column":30}},"loc":{"start":{"line":74,"column":68},"end":{"line":76,"column":1}}},"8":{"name":"InternalServerError","decl":{"start":{"line":81,"column":16},"end":{"line":81,"column":35}},"loc":{"start":{"line":81,"column":92},"end":{"line":83,"column":1}}},"9":{"name":"errorHandler","decl":{"start":{"line":88,"column":16},"end":{"line":88,"column":28}},"loc":{"start":{"line":92,"column":20},"end":{"line":144,"column":1}}},"10":{"name":"notFoundHandler","decl":{"start":{"line":149,"column":16},"end":{"line":149,"column":31}},"loc":{"start":{"line":149,"column":59},"end":{"line":157,"column":1}}},"11":{"name":"asyncHandler","decl":{"start":{"line":162,"column":16},"end":{"line":162,"column":28}},"loc":{"start":{"line":163,"column":71},"end":{"line":168,"column":1}}},"12":{"name":"(anonymous_12)","decl":{"start":{"line":165,"column":9},"end":{"line":165,"column":10}},"loc":{"start":{"line":165,"column":67},"end":{"line":167,"column":3}}},"13":{"name":"isCustomError","decl":{"start":{"line":173,"column":16},"end":{"line":173,"column":29}},"loc":{"start":{"line":173,"column":42},"end":{"line":175,"column":1}}}},"branchMap":{"0":{"loc":{"start":{"line":14,"column":4},"end":{"line":14,"column":28}},"type":"default-arg","locations":[{"start":{"line":14,"column":25},"end":{"line":14,"column":28}}]},"1":{"loc":{"start":{"line":15,"column":4},"end":{"line":15,"column":35}},"type":"default-arg","locations":[{"start":{"line":15,"column":19},"end":{"line":15,"column":35}}]},"2":{"loc":{"start":{"line":39,"column":34},"end":{"line":39,"column":66}},"type":"default-arg","locations":[{"start":{"line":39,"column":52},"end":{"line":39,"column":66}}]},"3":{"loc":{"start":{"line":46,"column":31},"end":{"line":46,"column":60}},"type":"default-arg","locations":[{"start":{"line":46,"column":49},"end":{"line":46,"column":60}}]},"4":{"loc":{"start":{"line":53,"column":30},"end":{"line":53,"column":68}},"type":"default-arg","locations":[{"start":{"line":53,"column":48},"end":{"line":53,"column":68}}]},"5":{"loc":{"start":{"line":74,"column":31},"end":{"line":74,"column":68}},"type":"default-arg","locations":[{"start":{"line":74,"column":49},"end":{"line":74,"column":68}}]},"6":{"loc":{"start":{"line":81,"column":36},"end":{"line":81,"column":77}},"type":"default-arg","locations":[{"start":{"line":81,"column":54},"end":{"line":81,"column":77}}]},"7":{"loc":{"start":{"line":95,"column":2},"end":{"line":97,"column":3}},"type":"if","locations":[{"start":{"line":95,"column":2},"end":{"line":97,"column":3}}]},"8":{"loc":{"start":{"line":100,"column":21},"end":{"line":100,"column":59}},"type":"cond-expr","locations":[{"start":{"line":100,"column":37},"end":{"line":100,"column":53}},{"start":{"line":100,"column":56},"end":{"line":100,"column":59}}]},"9":{"loc":{"start":{"line":101,"column":15},"end":{"line":101,"column":60}},"type":"cond-expr","locations":[{"start":{"line":101,"column":31},"end":{"line":101,"column":41}},{"start":{"line":101,"column":44},"end":{"line":101,"column":60}}]},"10":{"loc":{"start":{"line":102,"column":18},"end":{"line":102,"column":58}},"type":"binary-expr","locations":[{"start":{"line":102,"column":18},"end":{"line":102,"column":31}},{"start":{"line":102,"column":35},"end":{"line":102,"column":58}}]},"11":{"loc":{"start":{"line":103,"column":18},"end":{"line":103,"column":59}},"type":"cond-expr","locations":[{"start":{"line":103,"column":34},"end":{"line":103,"column":47}},{"start":{"line":103,"column":50},"end":{"line":103,"column":59}}]},"12":{"loc":{"start":{"line":106,"column":2},"end":{"line":122,"column":3}},"type":"if","locations":[{"start":{"line":106,"column":2},"end":{"line":122,"column":3}},{"start":{"line":115,"column":9},"end":{"line":122,"column":3}}]},"13":{"loc":{"start":{"line":132,"column":2},"end":{"line":141,"column":3}},"type":"if","locations":[{"start":{"line":132,"column":2},"end":{"line":141,"column":3}},{"start":{"line":138,"column":9},"end":{"line":141,"column":3}}]},"14":{"loc":{"start":{"line":136,"column":10},"end":{"line":136,"column":32}},"type":"binary-expr","locations":[{"start":{"line":136,"column":10},"end":{"line":136,"column":17}},{"start":{"line":136,"column":21},"end":{"line":136,"column":32}}]},"15":{"loc":{"start":{"line":138,"column":9},"end":{"line":141,"column":3}},"type":"if","locations":[{"start":{"line":138,"column":9},"end":{"line":141,"column":3}}]}},"s":{"0":5,"1":5,"2":5,"3":5,"4":5,"5":5,"6":5,"7":5,"8":5,"9":5,"10":5,"11":5,"12":0,"13":0,"14":0,"15":0,"16":0,"17":0,"18":5,"19":0,"20":0,"21":0,"22":0,"23":0,"24":0,"25":0,"26":0,"27":1,"28":0,"29":1,"30":1,"31":1,"32":1,"33":1,"34":1,"35":1,"36":0,"37":1,"38":1,"39":0,"40":1,"41":0,"42":1,"43":32,"44":32,"45":50,"46":54,"47":0},"f":{"0":0,"1":0,"2":0,"3":0,"4":0,"5":0,"6":0,"7":0,"8":0,"9":1,"10":32,"11":50,"12":54,"13":0},"b":{"0":[0],"1":[0],"2":[0],"3":[0],"4":[0],"5":[0],"6":[0],"7":[0],"8":[0,1],"9":[0,1],"10":[1,0],"11":[0,1],"12":[1,0],"13":[0,1],"14":[0,0],"15":[0]}}
,"/Users/aagvozdev/projects/sinshell/backend/src/middleware/logger.ts": {"path":"/Users/aagvozdev/projects/sinshell/backend/src/middleware/logger.ts","statementMap":{"0":{"start":{"line":93,"column":0},"end":{"line":93,"column":16}},"1":{"start":{"line":155,"column":0},"end":{"line":155,"column":16}},"2":{"start":{"line":173,"column":0},"end":{"line":173,"column":16}},"3":{"start":{"line":204,"column":0},"end":{"line":204,"column":16}},"4":{"start":{"line":2,"column":0},"end":{"line":2,"column":28}},"5":{"start":{"line":4,"column":0},"end":{"line":4,"column":31}},"6":{"start":{"line":13,"column":4},"end":{"line":13,"column":48}},"7":{"start":{"line":20,"column":45},"end":{"line":25,"column":6}},"8":{"start":{"line":27,"column":4},"end":{"line":27,"column":50}},"9":{"start":{"line":34,"column":22},"end":{"line":34,"column":46}},"10":{"start":{"line":35,"column":31},"end":{"line":41,"column":6}},"11":{"start":{"line":43,"column":4},"end":{"line":43,"column":36}},"12":{"start":{"line":50,"column":4},"end":{"line":53,"column":5}},"13":{"start":{"line":51,"column":18},"end":{"line":51,"column":66}},"14":{"start":{"line":52,"column":6},"end":{"line":52,"column":25}},"15":{"start":{"line":60,"column":4},"end":{"line":63,"column":5}},"16":{"start":{"line":61,"column":18},"end":{"line":61,"column":58}},"17":{"start":{"line":62,"column":6},"end":{"line":62,"column":24}},"18":{"start":{"line":70,"column":4},"end":{"line":73,"column":5}},"19":{"start":{"line":71,"column":18},"end":{"line":71,"column":58}},"20":{"start":{"line":72,"column":6},"end":{"line":72,"column":23}},"21":{"start":{"line":80,"column":4},"end":{"line":83,"column":5}},"22":{"start":{"line":81,"column":18},"end":{"line":81,"column":59}},"23":{"start":{"line":82,"column":6},"end":{"line":82,"column":25}},"24":{"start":{"line":88,"column":13},"end":{"line":88,"column":35}},"25":{"start":{"line":94,"column":30},"end":{"line":97,"column":4}},"26":{"start":{"line":99,"column":2},"end":{"line":101,"column":3}},"27":{"start":{"line":100,"column":4},"end":{"line":100,"column":47}},"28":{"start":{"line":103,"column":13},"end":{"line":103,"column":51}},"29":{"start":{"line":104,"column":2},"end":{"line":106,"column":3}},"30":{"start":{"line":105,"column":4},"end":{"line":105,"column":20}},"31":{"start":{"line":108,"column":2},"end":{"line":108,"column":17}},"32":{"start":{"line":114,"column":13},"end":{"line":150,"column":3}},"33":{"start":{"line":115,"column":17},"end":{"line":115,"column":63}},"34":{"start":{"line":116,"column":26},"end":{"line":116,"column":83}},"35":{"start":{"line":118,"column":2},"end":{"line":120,"column":3}},"36":{"start":{"line":119,"column":4},"end":{"line":119,"column":14}},"37":{"start":{"line":122,"column":30},"end":{"line":125,"column":4}},"38":{"start":{"line":127,"column":17},"end":{"line":127,"column":42}},"39":{"start":{"line":128,"column":2},"end":{"line":130,"column":3}},"40":{"start":{"line":129,"column":4},"end":{"line":129,"column":28}},"41":{"start":{"line":132,"column":14},"end":{"line":132,"column":36}},"42":{"start":{"line":133,"column":2},"end":{"line":135,"column":3}},"43":{"start":{"line":134,"column":4},"end":{"line":134,"column":22}},"44":{"start":{"line":137,"column":20},"end":{"line":137,"column":52}},"45":{"start":{"line":138,"column":2},"end":{"line":140,"column":3}},"46":{"start":{"line":139,"column":4},"end":{"line":139,"column":34}},"47":{"start":{"line":142,"column":21},"end":{"line":142,"column":54}},"48":{"start":{"line":143,"column":2},"end":{"line":145,"column":3}},"49":{"start":{"line":144,"column":4},"end":{"line":144,"column":28}},"50":{"start":{"line":147,"column":18},"end":{"line":147,"column":90}},"51":{"start":{"line":149,"column":2},"end":{"line":149,"column":51}},"52":{"start":{"line":156,"column":20},"end":{"line":156,"column":39}},"53":{"start":{"line":157,"column":2},"end":{"line":157,"column":42}},"54":{"start":{"line":158,"column":2},"end":{"line":158,"column":43}},"55":{"start":{"line":159,"column":2},"end":{"line":159,"column":9}},"56":{"start":{"line":166,"column":2},"end":{"line":167,"column":53}},"57":{"start":{"line":174,"column":16},"end":{"line":174,"column":26}},"58":{"start":{"line":175,"column":18},"end":{"line":175,"column":39}},"59":{"start":{"line":178,"column":2},"end":{"line":178,"column":68}},"60":{"start":{"line":181,"column":2},"end":{"line":196,"column":5}},"61":{"start":{"line":182,"column":21},"end":{"line":182,"column":39}},"62":{"start":{"line":183,"column":35},"end":{"line":187,"column":6}},"63":{"start":{"line":189,"column":28},"end":{"line":190,"column":65}},"64":{"start":{"line":192,"column":4},"end":{"line":195,"column":6}},"65":{"start":{"line":198,"column":2},"end":{"line":198,"column":9}},"66":{"start":{"line":210,"column":30},"end":{"line":213,"column":4}},"67":{"start":{"line":215,"column":2},"end":{"line":219,"column":4}},"68":{"start":{"line":221,"column":2},"end":{"line":221,"column":14}},"69":{"start":{"line":224,"column":0},"end":{"line":224,"column":22}}},"fnMap":{"0":{"name":"(anonymous_1)","decl":{"start":{"line":12,"column":2},"end":{"line":12,"column":null}},"loc":{"start":{"line":12,"column":2},"end":{"line":14,"column":3}}},"1":{"name":"(anonymous_2)","decl":{"start":{"line":19,"column":9},"end":{"line":19,"column":18}},"loc":{"start":{"line":19,"column":34},"end":{"line":28,"column":3}}},"2":{"name":"(anonymous_3)","decl":{"start":{"line":33,"column":9},"end":{"line":33,"column":18}},"loc":{"start":{"line":33,"column":88},"end":{"line":44,"column":3}}},"3":{"name":"(anonymous_4)","decl":{"start":{"line":49,"column":2},"end":{"line":49,"column":7}},"loc":{"start":{"line":49,"column":60},"end":{"line":54,"column":3}}},"4":{"name":"(anonymous_5)","decl":{"start":{"line":59,"column":2},"end":{"line":59,"column":6}},"loc":{"start":{"line":59,"column":44},"end":{"line":64,"column":3}}},"5":{"name":"(anonymous_6)","decl":{"start":{"line":69,"column":2},"end":{"line":69,"column":6}},"loc":{"start":{"line":69,"column":44},"end":{"line":74,"column":3}}},"6":{"name":"(anonymous_7)","decl":{"start":{"line":79,"column":2},"end":{"line":79,"column":7}},"loc":{"start":{"line":79,"column":45},"end":{"line":84,"column":3}}},"7":{"name":"createLogContext","decl":{"start":{"line":93,"column":16},"end":{"line":93,"column":32}},"loc":{"start":{"line":93,"column":45},"end":{"line":109,"column":1}}},"8":{"name":"(anonymous_9)","decl":{"start":{"line":114,"column":33},"end":{"line":114,"column":34}},"loc":{"start":{"line":114,"column":54},"end":{"line":150,"column":1}}},"9":{"name":"requestIdMiddleware","decl":{"start":{"line":155,"column":16},"end":{"line":155,"column":35}},"loc":{"start":{"line":155,"column":83},"end":{"line":160,"column":1}}},"10":{"name":"generateRequestId","decl":{"start":{"line":165,"column":9},"end":{"line":165,"column":26}},"loc":{"start":{"line":165,"column":26},"end":{"line":168,"column":1}}},"11":{"name":"requestLogger","decl":{"start":{"line":173,"column":16},"end":{"line":173,"column":29}},"loc":{"start":{"line":173,"column":77},"end":{"line":199,"column":1}}},"12":{"name":"(anonymous_13)","decl":{"start":{"line":181,"column":19},"end":{"line":181,"column":22}},"loc":{"start":{"line":181,"column":24},"end":{"line":196,"column":3}}},"13":{"name":"errorLogger","decl":{"start":{"line":204,"column":16},"end":{"line":204,"column":27}},"loc":{"start":{"line":208,"column":20},"end":{"line":222,"column":1}}}},"branchMap":{"0":{"loc":{"start":{"line":39,"column":10},"end":{"line":39,"column":32}},"type":"binary-expr","locations":[{"start":{"line":39,"column":10},"end":{"line":39,"column":17}},{"start":{"line":39,"column":21},"end":{"line":39,"column":32}}]},"1":{"loc":{"start":{"line":40,"column":10},"end":{"line":40,"column":28}},"type":"binary-expr","locations":[{"start":{"line":40,"column":10},"end":{"line":40,"column":15}},{"start":{"line":40,"column":19},"end":{"line":40,"column":28}}]},"2":{"loc":{"start":{"line":50,"column":4},"end":{"line":53,"column":5}},"type":"if","locations":[{"start":{"line":50,"column":4},"end":{"line":53,"column":5}}]},"3":{"loc":{"start":{"line":60,"column":4},"end":{"line":63,"column":5}},"type":"if","locations":[{"start":{"line":60,"column":4},"end":{"line":63,"column":5}}]},"4":{"loc":{"start":{"line":70,"column":4},"end":{"line":73,"column":5}},"type":"if","locations":[{"start":{"line":70,"column":4},"end":{"line":73,"column":5}}]},"5":{"loc":{"start":{"line":80,"column":4},"end":{"line":83,"column":5}},"type":"if","locations":[{"start":{"line":80,"column":4},"end":{"line":83,"column":5}}]},"6":{"loc":{"start":{"line":99,"column":2},"end":{"line":101,"column":3}},"type":"if","locations":[{"start":{"line":99,"column":2},"end":{"line":101,"column":3}}]},"7":{"loc":{"start":{"line":103,"column":13},"end":{"line":103,"column":51}},"type":"binary-expr","locations":[{"start":{"line":103,"column":13},"end":{"line":103,"column":19}},{"start":{"line":103,"column":23},"end":{"line":103,"column":51}}]},"8":{"loc":{"start":{"line":104,"column":2},"end":{"line":106,"column":3}},"type":"if","locations":[{"start":{"line":104,"column":2},"end":{"line":106,"column":3}}]},"9":{"loc":{"start":{"line":115,"column":26},"end":{"line":115,"column":58}},"type":"binary-expr","locations":[{"start":{"line":115,"column":26},"end":{"line":115,"column":51}},{"start":{"line":115,"column":55},"end":{"line":115,"column":58}}]},"10":{"loc":{"start":{"line":116,"column":26},"end":{"line":116,"column":83}},"type":"cond-expr","locations":[{"start":{"line":116,"column":42},"end":{"line":116,"column":49}},{"start":{"line":116,"column":52},"end":{"line":116,"column":83}}]},"11":{"loc":{"start":{"line":116,"column":52},"end":{"line":116,"column":83}},"type":"cond-expr","locations":[{"start":{"line":116,"column":68},"end":{"line":116,"column":74}},{"start":{"line":116,"column":77},"end":{"line":116,"column":83}}]},"12":{"loc":{"start":{"line":118,"column":2},"end":{"line":120,"column":3}},"type":"if","locations":[{"start":{"line":118,"column":2},"end":{"line":120,"column":3}}]},"13":{"loc":{"start":{"line":124,"column":29},"end":{"line":124,"column":71}},"type":"binary-expr","locations":[{"start":{"line":124,"column":29},"end":{"line":124,"column":64}},{"start":{"line":124,"column":68},"end":{"line":124,"column":71}}]},"14":{"loc":{"start":{"line":128,"column":2},"end":{"line":130,"column":3}},"type":"if","locations":[{"start":{"line":128,"column":2},"end":{"line":130,"column":3}}]},"15":{"loc":{"start":{"line":133,"column":2},"end":{"line":135,"column":3}},"type":"if","locations":[{"start":{"line":133,"column":2},"end":{"line":135,"column":3}}]},"16":{"loc":{"start":{"line":138,"column":2},"end":{"line":140,"column":3}},"type":"if","locations":[{"start":{"line":138,"column":2},"end":{"line":140,"column":3}}]},"17":{"loc":{"start":{"line":143,"column":2},"end":{"line":145,"column":3}},"type":"if","locations":[{"start":{"line":143,"column":2},"end":{"line":145,"column":3}}]},"18":{"loc":{"start":{"line":189,"column":28},"end":{"line":190,"column":65}},"type":"cond-expr","locations":[{"start":{"line":189,"column":52},"end":{"line":189,"column":59}},{"start":{"line":190,"column":26},"end":{"line":190,"column":65}}]},"19":{"loc":{"start":{"line":190,"column":26},"end":{"line":190,"column":65}},"type":"cond-expr","locations":[{"start":{"line":190,"column":50},"end":{"line":190,"column":56}},{"start":{"line":190,"column":59},"end":{"line":190,"column":65}}]}},"s":{"0":5,"1":5,"2":5,"3":5,"4":5,"5":5,"6":5,"7":268,"8":268,"9":33,"10":33,"11":33,"12":1,"13":1,"14":1,"15":0,"16":0,"17":0,"18":178,"19":0,"20":0,"21":0,"22":0,"23":0,"24":5,"25":90,"26":90,"27":0,"28":90,"29":90,"30":90,"31":90,"32":5,"33":89,"34":89,"35":89,"36":57,"37":32,"38":32,"39":32,"40":32,"41":32,"42":32,"43":32,"44":32,"45":32,"46":0,"47":32,"48":32,"49":32,"50":32,"51":32,"52":89,"53":89,"54":89,"55":89,"56":89,"57":89,"58":89,"59":89,"60":89,"61":89,"62":89,"63":89,"64":89,"65":89,"66":1,"67":1,"68":1,"69":5},"f":{"0":5,"1":268,"2":33,"3":1,"4":0,"5":178,"6":0,"7":90,"8":89,"9":89,"10":89,"11":89,"12":89,"13":1},"b":{"0":[33,33],"1":[33,1],"2":[1],"3":[0],"4":[0],"5":[0],"6":[0],"7":[90,0],"8":[90],"9":[89,0],"10":[32,57],"11":[0,57],"12":[57],"13":[32,0],"14":[32],"15":[32],"16":[0],"17":[32],"18":[32,57],"19":[0,57]}}
,"/Users/aagvozdev/projects/sinshell/backend/src/routes/about.ts": {"path":"/Users/aagvozdev/projects/sinshell/backend/src/routes/about.ts","statementMap":{"0":{"start":{"line":1,"column":0},"end":{"line":1,"column":33}},"1":{"start":{"line":2,"column":0},"end":{"line":2,"column":null}},"2":{"start":{"line":8,"column":15},"end":{"line":8,"column":23}},"3":{"start":{"line":15,"column":0},"end":{"line":15,"column":26}},"4":{"start":{"line":22,"column":0},"end":{"line":22,"column":42}},"5":{"start":{"line":29,"column":0},"end":{"line":29,"column":35}},"6":{"start":{"line":31,"column":0},"end":{"line":31,"column":22}}},"fnMap":{},"branchMap":{},"s":{"0":5,"1":5,"2":5,"3":5,"4":5,"5":5,"6":5},"f":{},"b":{}}
,"/Users/aagvozdev/projects/sinshell/backend/src/routes/health.ts": {"path":"/Users/aagvozdev/projects/sinshell/backend/src/routes/health.ts","statementMap":{"0":{"start":{"line":1,"column":0},"end":{"line":1,"column":33}},"1":{"start":{"line":2,"column":0},"end":{"line":2,"column":null}},"2":{"start":{"line":9,"column":15},"end":{"line":9,"column":23}},"3":{"start":{"line":16,"column":0},"end":{"line":16,"column":27}},"4":{"start":{"line":23,"column":0},"end":{"line":23,"column":43}},"5":{"start":{"line":30,"column":0},"end":{"line":30,"column":35}},"6":{"start":{"line":37,"column":0},"end":{"line":37,"column":33}},"7":{"start":{"line":39,"column":0},"end":{"line":39,"column":22}}},"fnMap":{},"branchMap":{},"s":{"0":5,"1":5,"2":5,"3":5,"4":5,"5":5,"6":5,"7":5},"f":{},"b":{}}
,"/Users/aagvozdev/projects/sinshell/backend/src/routes/index.ts": {"path":"/Users/aagvozdev/projects/sinshell/backend/src/routes/index.ts","statementMap":{"0":{"start":{"line":1,"column":0},"end":{"line":1,"column":33}},"1":{"start":{"line":2,"column":0},"end":{"line":2,"column":36}},"2":{"start":{"line":3,"column":0},"end":{"line":3,"column":32}},"3":{"start":{"line":4,"column":0},"end":{"line":4,"column":34}},"4":{"start":{"line":6,"column":15},"end":{"line":6,"column":23}},"5":{"start":{"line":13,"column":0},"end":{"line":29,"column":3}},"6":{"start":{"line":14,"column":20},"end":{"line":14,"column":44}},"7":{"start":{"line":16,"column":2},"end":{"line":28,"column":5}},"8":{"start":{"line":34,"column":0},"end":{"line":34,"column":36}},"9":{"start":{"line":39,"column":0},"end":{"line":39,"column":32}},"10":{"start":{"line":44,"column":0},"end":{"line":44,"column":34}},"11":{"start":{"line":46,"column":0},"end":{"line":46,"column":22}}},"fnMap":{"0":{"name":"(anonymous_1)","decl":{"start":{"line":13,"column":16},"end":{"line":13,"column":17}},"loc":{"start":{"line":13,"column":29},"end":{"line":29,"column":1}}}},"branchMap":{},"s":{"0":5,"1":5,"2":5,"3":5,"4":5,"5":5,"6":0,"7":0,"8":5,"9":5,"10":5,"11":5},"f":{"0":0},"b":{}}
,"/Users/aagvozdev/projects/sinshell/backend/src/routes/info.ts": {"path":"/Users/aagvozdev/projects/sinshell/backend/src/routes/info.ts","statementMap":{"0":{"start":{"line":1,"column":0},"end":{"line":1,"column":33}},"1":{"start":{"line":2,"column":0},"end":{"line":2,"column":null}},"2":{"start":{"line":8,"column":15},"end":{"line":8,"column":23}},"3":{"start":{"line":15,"column":0},"end":{"line":15,"column":31}},"4":{"start":{"line":22,"column":0},"end":{"line":22,"column":31}},"5":{"start":{"line":29,"column":0},"end":{"line":29,"column":39}},"6":{"start":{"line":31,"column":0},"end":{"line":31,"column":22}}},"fnMap":{},"branchMap":{},"s":{"0":5,"1":5,"2":5,"3":5,"4":5,"5":5,"6":5},"f":{},"b":{}}
}
